<?xml version="1.0" encoding="UTF-8"?>
<testng-results skipped="0" failed="0" total="1" passed="1">
  <reporter-output>
  </reporter-output>
  <suite name="Default suite" duration-ms="80606" started-at="2017-05-07T17:11:58Z" finished-at="2017-05-07T17:13:19Z">
    <groups>
    </groups>
    <test name="Default test" duration-ms="80606" started-at="2017-05-07T17:11:58Z" finished-at="2017-05-07T17:13:19Z">
      <class name="automationFramework.POM_TC">
        <test-method status="PASS" signature="beforeTest()[pri:0, instance:automationFramework.POM_TC@604ed9f0]" name="beforeTest" is-config="true" duration-ms="45411" started-at="2017-05-07T13:11:58Z" finished-at="2017-05-07T13:12:44Z">
          <reporter-output>
          </reporter-output>
        </test-method> <!-- beforeTest -->
        <test-method status="PASS" signature="run()[pri:0, instance:automationFramework.POM_TC@604ed9f0]" name="run" duration-ms="27955" started-at="2017-05-07T13:12:44Z" finished-at="2017-05-07T13:13:12Z">
          <reporter-output>
          </reporter-output>
        </test-method> <!-- run -->
        <test-method status="PASS" signature="afterTest()[pri:0, instance:automationFramework.POM_TC@604ed9f0]" name="afterTest" is-config="true" duration-ms="7116" started-at="2017-05-07T13:13:12Z" finished-at="2017-05-07T13:13:19Z">
          <reporter-output>
          </reporter-output>
        </test-method> <!-- afterTest -->
      </class> <!-- automationFramework.POM_TC -->
    </test> <!-- Default test -->
  </suite> <!-- Default suite -->
</testng-results>
