<?xml version="1.0" encoding="UTF-8"?>
<testng-results skipped="0" failed="0" total="1" passed="1">
  <reporter-output>
  </reporter-output>
  <suite name="Default suite" duration-ms="33394" started-at="2017-05-09T01:42:40Z" finished-at="2017-05-09T01:43:14Z">
    <groups>
    </groups>
    <test name="Default test" duration-ms="33394" started-at="2017-05-09T01:42:40Z" finished-at="2017-05-09T01:43:14Z">
      <class name="automationFramework.POM_TC">
        <test-method status="PASS" signature="beforeTest()[pri:0, instance:automationFramework.POM_TC@3e6fa38a]" name="beforeTest" is-config="true" duration-ms="13869" started-at="2017-05-08T21:42:40Z" finished-at="2017-05-08T21:42:54Z">
          <reporter-output>
          </reporter-output>
        </test-method> <!-- beforeTest -->
        <test-method status="PASS" signature="run()[pri:0, instance:automationFramework.POM_TC@3e6fa38a]" name="run" duration-ms="19506" started-at="2017-05-08T21:42:54Z" finished-at="2017-05-08T21:43:14Z">
          <reporter-output>
          </reporter-output>
        </test-method> <!-- run -->
        <test-method status="PASS" signature="afterTest()[pri:0, instance:automationFramework.POM_TC@3e6fa38a]" name="afterTest" is-config="true" duration-ms="0" started-at="2017-05-08T21:43:14Z" finished-at="2017-05-08T21:43:14Z">
          <reporter-output>
          </reporter-output>
        </test-method> <!-- afterTest -->
      </class> <!-- automationFramework.POM_TC -->
    </test> <!-- Default test -->
  </suite> <!-- Default suite -->
</testng-results>
